\BOOKMARK [1][-]{section.1}{\376\377\000I\000n\000t\000r\000o\000d\000u\000c\000t\000i\000o\000n}{}% 1
\BOOKMARK [1][-]{section.2}{\376\377\000A\000p\000p\000l\000i\000c\000a\000t\000i\000o\000n\000s\000\040\000d\000u\000\040\000T\000S\000P}{}% 2
\BOOKMARK [2][-]{subsection.2.1}{\376\377\000F\000a\000b\000r\000i\000c\000a\000t\000i\000o\000n\000\040\000d\000e\000\040\000C\000i\000r\000c\000u\000i\000t\000s\000\040\000I\000m\000p\000r\000i\000m\000\351\000s\000\040\000\050\000P\000C\000B\000\051}{section.2}% 3
\BOOKMARK [2][-]{subsection.2.2}{\376\377\000S\000\351\000q\000u\000e\000n\000\347\000a\000g\000e\000\040\000A\000D\000N}{section.2}% 4
\BOOKMARK [2][-]{subsection.2.3}{\376\377\000A\000s\000t\000r\000o\000n\000o\000m\000i\000e}{section.2}% 5
\BOOKMARK [2][-]{subsection.2.4}{\376\377\000A\000u\000t\000r\000e\000s\000\040\000A\000p\000p\000l\000i\000c\000a\000t\000i\000o\000n\000s}{section.2}% 6
\BOOKMARK [1][-]{section.3}{\376\377\000M\000\351\000t\000h\000o\000d\000e\000s\000\040\000I\000m\000p\000l\000\351\000m\000e\000n\000t\000\351\000e\000s}{}% 7
\BOOKMARK [2][-]{subsection.3.1}{\376\377\000A\000l\000g\000o\000r\000i\000t\000h\000m\000e\000\040\000e\000x\000a\000c\000t\000\040\000:\000\040\000B\000r\000a\000n\000c\000h\000\040\000a\000n\000d\000\040\000B\000o\000u\000n\000d}{section.3}% 8
\BOOKMARK [3][-]{subsubsection.3.1.1}{\376\377\000P\000r\000i\000n\000c\000i\000p\000e\000\040\000d\000e\000\040\000f\000o\000n\000c\000t\000i\000o\000n\000n\000e\000m\000e\000n\000t}{subsection.3.1}% 9
\BOOKMARK [3][-]{subsubsection.3.1.2}{\376\377\000E\000x\000e\000m\000p\000l\000e\000\040\000v\000i\000s\000u\000e\000l}{subsection.3.1}% 10
\BOOKMARK [3][-]{subsubsection.3.1.3}{\376\377\000A\000l\000g\000o\000r\000i\000t\000h\000m\000e}{subsection.3.1}% 11
\BOOKMARK [3][-]{subsubsection.3.1.4}{\376\377\000C\000o\000m\000p\000l\000e\000x\000i\000t\000\351}{subsection.3.1}% 12
\BOOKMARK [2][-]{subsection.3.2}{\376\377\000H\000e\000u\000r\000i\000s\000t\000i\000q\000u\000e\000\040\000c\000o\000n\000s\000t\000r\000u\000c\000t\000i\000v\000e\000\040\000:\000\040\000P\000l\000u\000s\000\040\000p\000r\000o\000c\000h\000e\000\040\000v\000o\000i\000s\000i\000n}{section.3}% 13
\BOOKMARK [3][-]{subsubsection.3.2.1}{\376\377\000P\000r\000i\000n\000c\000i\000p\000e\000\040\000d\000e\000\040\000f\000o\000n\000c\000t\000i\000o\000n\000n\000e\000m\000e\000n\000t}{subsection.3.2}% 14
\BOOKMARK [3][-]{subsubsection.3.2.2}{\376\377\000E\000x\000e\000m\000p\000l\000e\000\040\000v\000i\000s\000u\000e\000l}{subsection.3.2}% 15
\BOOKMARK [3][-]{subsubsection.3.2.3}{\376\377\000A\000d\000a\000p\000t\000a\000t\000i\000o\000n\000\040\000a\000u\000\040\000T\000S\000P}{subsection.3.2}% 16
\BOOKMARK [3][-]{subsubsection.3.2.4}{\376\377\000A\000l\000g\000o\000r\000i\000t\000h\000m\000e}{subsection.3.2}% 17
\BOOKMARK [3][-]{subsubsection.3.2.5}{\376\377\000C\000o\000m\000p\000l\000e\000x\000i\000t\000\351}{subsection.3.2}% 18
\BOOKMARK [3][-]{subsubsection.3.2.6}{\376\377\000L\000i\000m\000i\000t\000e\000s}{subsection.3.2}% 19
\BOOKMARK [2][-]{subsection.3.3}{\376\377\000H\000e\000u\000r\000i\000s\000t\000i\000q\000u\000e\000\040\000d\000e\000\040\000r\000e\000c\000h\000e\000r\000c\000h\000e\000\040\000l\000o\000c\000a\000l\000e\000\040\000:\000\040\0002\000-\000o\000p\000t}{section.3}% 20
\BOOKMARK [3][-]{subsubsection.3.3.1}{\376\377\000P\000r\000i\000n\000c\000i\000p\000e\000\040\000d\000e\000\040\000f\000o\000n\000c\000t\000i\000o\000n\000n\000e\000m\000e\000n\000t}{subsection.3.3}% 21
\BOOKMARK [3][-]{subsubsection.3.3.2}{\376\377\000E\000x\000e\000m\000p\000l\000e\000\040\000v\000i\000s\000u\000e\000l}{subsection.3.3}% 22
\BOOKMARK [3][-]{subsubsection.3.3.3}{\376\377\000A\000d\000a\000p\000t\000a\000t\000i\000o\000n\000\040\000a\000u\000\040\000T\000S\000P}{subsection.3.3}% 23
\BOOKMARK [3][-]{subsubsection.3.3.4}{\376\377\000A\000l\000g\000o\000r\000i\000t\000h\000m\000e}{subsection.3.3}% 24
\BOOKMARK [3][-]{subsubsection.3.3.5}{\376\377\000C\000o\000m\000p\000l\000e\000x\000i\000t\000\351}{subsection.3.3}% 25
\BOOKMARK [3][-]{subsubsection.3.3.6}{\376\377\000O\000p\000t\000i\000m\000u\000m\000\040\000l\000o\000c\000a\000l}{subsection.3.3}% 26
\BOOKMARK [2][-]{subsection.3.4}{\376\377\000M\000\351\000t\000a\000-\000h\000e\000u\000r\000i\000s\000t\000i\000q\000u\000e\000\040\000:\000\040\000G\000R\000A\000S\000P}{section.3}% 27
\BOOKMARK [3][-]{subsubsection.3.4.1}{\376\377\000P\000r\000i\000n\000c\000i\000p\000e\000\040\000d\000e\000\040\000f\000o\000n\000c\000t\000i\000o\000n\000n\000e\000m\000e\000n\000t}{subsection.3.4}% 28
\BOOKMARK [3][-]{subsubsection.3.4.2}{\376\377\000D\000i\000a\000g\000r\000a\000m\000m\000e\000\040\000d\000u\000\040\000p\000r\000o\000c\000e\000s\000s\000u\000s}{subsection.3.4}% 29
\BOOKMARK [3][-]{subsubsection.3.4.3}{\376\377\000L\000i\000s\000t\000e\000\040\000R\000e\000s\000t\000r\000e\000i\000n\000t\000e\000\040\000d\000e\000\040\000C\000a\000n\000d\000i\000d\000a\000t\000s\000\040\000\050\000R\000C\000L\000\051}{subsection.3.4}% 30
\BOOKMARK [3][-]{subsubsection.3.4.4}{\376\377\000A\000l\000g\000o\000r\000i\000t\000h\000m\000e}{subsection.3.4}% 31
\BOOKMARK [3][-]{subsubsection.3.4.5}{\376\377\000C\000o\000m\000p\000l\000e\000x\000i\000t\000\351}{subsection.3.4}% 32
\BOOKMARK [1][-]{section.4}{\376\377\000M\000\351\000t\000h\000o\000d\000o\000l\000o\000g\000i\000e\000\040\000d\000e\000\040\000T\000e\000s\000t}{}% 33
\BOOKMARK [2][-]{subsection.4.1}{\376\377\000I\000n\000s\000t\000a\000n\000c\000e\000s\000\040\000d\000e\000\040\000T\000e\000s\000t}{section.4}% 34
\BOOKMARK [2][-]{subsection.4.2}{\376\377\000P\000a\000r\000a\000m\000\350\000t\000r\000e\000s\000\040\000d\000e\000s\000\040\000A\000l\000g\000o\000r\000i\000t\000h\000m\000e\000s}{section.4}% 35
\BOOKMARK [2][-]{subsection.4.3}{\376\377\000E\000n\000v\000i\000r\000o\000n\000n\000e\000m\000e\000n\000t\000\040\000d\000'\000E\000x\000\351\000c\000u\000t\000i\000o\000n}{section.4}% 36
\BOOKMARK [2][-]{subsection.4.4}{\376\377\000M\000\351\000t\000r\000i\000q\000u\000e\000s\000\040\000\311\000v\000a\000l\000u\000\351\000e\000s}{section.4}% 37
\BOOKMARK [1][-]{section.5}{\376\377\000A\000n\000a\000l\000y\000s\000e\000\040\000d\000e\000s\000\040\000R\000\351\000s\000u\000l\000t\000a\000t\000s}{}% 38
\BOOKMARK [2][-]{subsection.5.1}{\376\377\000R\000\351\000s\000u\000l\000t\000a\000t\000s\000\040\000B\000r\000u\000t\000s}{section.5}% 39
\BOOKMARK [2][-]{subsection.5.2}{\376\377\000A\000n\000a\000l\000y\000s\000e\000\040\000p\000a\000r\000\040\000I\000n\000s\000t\000a\000n\000c\000e}{section.5}% 40
\BOOKMARK [3][-]{subsubsection.5.2.1}{\376\377\000I\000n\000s\000t\000a\000n\000c\000e\000\040\0001\0007\000.\000i\000n\000\040\000\050\0001\0007\000\040\000v\000i\000l\000l\000e\000s\000\051}{subsection.5.2}% 41
\BOOKMARK [3][-]{subsubsection.5.2.2}{\376\377\000I\000n\000s\000t\000a\000n\000c\000e\000\040\0005\0001\000.\000i\000n\000\040\000\050\0005\0001\000\040\000v\000i\000l\000l\000e\000s\000\051}{subsection.5.2}% 42
\BOOKMARK [3][-]{subsubsection.5.2.3}{\376\377\000I\000n\000s\000t\000a\000n\000c\000e\000\040\0005\0002\000.\000i\000n\000\040\000\050\0005\0002\000\040\000v\000i\000l\000l\000e\000s\000\051}{subsection.5.2}% 43
\BOOKMARK [2][-]{subsection.5.3}{\376\377\000C\000o\000m\000p\000a\000r\000a\000i\000s\000o\000n\000\040\000G\000l\000o\000b\000a\000l\000e\000\040\000d\000e\000s\000\040\000C\000o\000\373\000t\000s}{section.5}% 44
\BOOKMARK [2][-]{subsection.5.4}{\376\377\000C\000o\000m\000p\000a\000r\000a\000i\000s\000o\000n\000\040\000G\000l\000o\000b\000a\000l\000e\000\040\000d\000e\000s\000\040\000T\000e\000m\000p\000s}{section.5}% 45
\BOOKMARK [2][-]{subsection.5.5}{\376\377\000A\000n\000a\000l\000y\000s\000e\000\040\000D\000\351\000t\000a\000i\000l\000l\000\351\000e\000\040\000p\000a\000r\000\040\000A\000l\000g\000o\000r\000i\000t\000h\000m\000e}{section.5}% 46
\BOOKMARK [3][-]{subsubsection.5.5.1}{\376\377\000P\000e\000r\000f\000o\000r\000m\000a\000n\000c\000e\000\040\000d\000e\000\040\000B\000r\000a\000n\000c\000h\000\040\000a\000n\000d\000\040\000B\000o\000u\000n\000d}{subsection.5.5}% 47
\BOOKMARK [3][-]{subsubsection.5.5.2}{\376\377\000P\000e\000r\000f\000o\000r\000m\000a\000n\000c\000e\000\040\000d\000e\000\040\000P\000l\000u\000s\000\040\000P\000r\000o\000c\000h\000e\000\040\000V\000o\000i\000s\000i\000n}{subsection.5.5}% 48
\BOOKMARK [3][-]{subsubsection.5.5.3}{\376\377\000P\000e\000r\000f\000o\000r\000m\000a\000n\000c\000e\000\040\000d\000e\000\040\0002\000-\000o\000p\000t}{subsection.5.5}% 49
\BOOKMARK [3][-]{subsubsection.5.5.4}{\376\377\000P\000e\000r\000f\000o\000r\000m\000a\000n\000c\000e\000\040\000d\000e\000\040\000G\000R\000A\000S\000P}{subsection.5.5}% 50
\BOOKMARK [2][-]{subsection.5.6}{\376\377\000C\000o\000m\000p\000a\000r\000a\000i\000s\000o\000n\000\040\000D\000\351\000t\000a\000i\000l\000l\000\351\000e\000\040\000p\000a\000r\000\040\000I\000n\000s\000t\000a\000n\000c\000e}{section.5}% 51
\BOOKMARK [3][-]{subsubsection.5.6.1}{\376\377\000I\000n\000s\000t\000a\000n\000c\000e\000\040\0001\0007\000.\000i\000n}{subsection.5.6}% 52
\BOOKMARK [3][-]{subsubsection.5.6.2}{\376\377\000I\000n\000s\000t\000a\000n\000c\000e\000\040\0005\0001\000.\000i\000n}{subsection.5.6}% 53
\BOOKMARK [3][-]{subsubsection.5.6.3}{\376\377\000I\000n\000s\000t\000a\000n\000c\000e\000\040\0005\0002\000.\000i\000n}{subsection.5.6}% 54
\BOOKMARK [2][-]{subsection.5.7}{\376\377\000T\000a\000b\000l\000e\000a\000u\000\040\000C\000o\000m\000p\000a\000r\000a\000t\000i\000f\000\040\000d\000e\000s\000\040\000\311\000c\000a\000r\000t\000s}{section.5}% 55
\BOOKMARK [2][-]{subsection.5.8}{\376\377\000A\000n\000a\000l\000y\000s\000e\000\040\000S\000t\000a\000t\000i\000s\000t\000i\000q\000u\000e}{section.5}% 56
\BOOKMARK [2][-]{subsection.5.9}{\376\377\000S\000y\000n\000t\000h\000\350\000s\000e\000\040\000C\000o\000m\000p\000a\000r\000a\000t\000i\000v\000e}{section.5}% 57
\BOOKMARK [1][-]{section.6}{\376\377\000C\000o\000n\000c\000l\000u\000s\000i\000o\000n}{}% 58
\BOOKMARK [2][-]{subsection.6.1}{\376\377\000S\000y\000n\000t\000h\000\350\000s\000e\000\040\000d\000e\000s\000\040\000R\000\351\000s\000u\000l\000t\000a\000t\000s}{section.6}% 59
\BOOKMARK [2][-]{subsection.6.2}{\376\377\000\311\000l\000e\000c\000t\000i\000o\000n\000\040\000d\000e\000\040\000l\000a\000\040\000M\000e\000i\000l\000l\000e\000u\000r\000e\000\040\000M\000\351\000t\000h\000o\000d\000e}{section.6}% 60
\BOOKMARK [2][-]{subsection.6.3}{\376\377\000R\000e\000c\000o\000m\000m\000a\000n\000d\000a\000t\000i\000o\000n\000s\000\040\000P\000r\000a\000t\000i\000q\000u\000e\000s}{section.6}% 61
